<?xml version="1.0" encoding="UTF-8"?>
<testsuite xmlns:xsi="http://www.w3.org/2001/XMLSchema-instance" xsi:noNamespaceSchemaLocation="https://maven.apache.org/surefire/maven-surefire-plugin/xsd/surefire-test-report-3.0.xsd" version="3.0" name="com.csye6225.cloud.controller.DemoTest" time="5.004" tests="1" errors="0" skipped="0" failures="0">
  <properties>
[...]
</properties>
  <testcase name="createUserAndRetrieveByUsername" classname="com.csye6225.cloud.controller.DemoTest" time="1.511">
    <system-out><![CDATA[Standard Commons Logging discovery in action with spring-jcl: please remove commons-logging.jar from classpath in order to avoid potential conflicts
22:30:57.999 [main] INFO org.springframework.test.context.support.AnnotationConfigContextLoaderUtils -- Could not detect default configuration classes for test class [com.csye6225.cloud.controller.DemoTest]: DemoTest does not declare any static, non-private, non-final, nested classes annotated with @Configuration.
22:30:58.063 [main] INFO org.springframework.boot.test.context.SpringBootTestContextBootstrapper -- Found @SpringBootConfiguration com.csye6225.cloud.CloudNativeApplication for test class com.csye6225.cloud.controller.DemoTest

  .   ____          _            __ _ _
 /\\ / ___'_ __ _ _(_)_ __  __ _ \ \ \ \
( ( )\___ | '_ | '_| | '_ \/ _` | \ \ \ \
 \\/  ___)| |_)| | | | | || (_| |  ) ) ) )
  '  |____| .__|_| |_|_| |_\__, | / / / /
 =========|_|==============|___/=/_/_/_/
 :: Spring Boot ::                (v3.2.2)

2024-02-14T22:30:58.253-05:00  INFO 26711 --- [           main] com.csye6225.cloud.controller.DemoTest   : Starting DemoTest using Java 21.0.2 with PID 26711 (started by nikhilregulapati in /Users/nikhilregulapati/Downloads/Nikhilsrinivas_regulapati_002201689_01-5)
2024-02-14T22:30:58.253-05:00  INFO 26711 --- [           main] com.csye6225.cloud.controller.DemoTest   : No active profile set, falling back to 1 default profile: "default"
2024-02-14T22:30:58.808-05:00  INFO 26711 --- [           main] .s.d.r.c.RepositoryConfigurationDelegate : Bootstrapping Spring Data JPA repositories in DEFAULT mode.
2024-02-14T22:30:58.887-05:00  INFO 26711 --- [           main] .s.d.r.c.RepositoryConfigurationDelegate : Finished Spring Data repository scanning in 76 ms. Found 1 JPA repository interface.
2024-02-14T22:30:59.312-05:00  INFO 26711 --- [           main] o.s.b.w.embedded.tomcat.TomcatWebServer  : Tomcat initialized with port 0 (http)
2024-02-14T22:30:59.318-05:00  INFO 26711 --- [           main] o.apache.catalina.core.StandardService   : Starting service [Tomcat]
2024-02-14T22:30:59.319-05:00  INFO 26711 --- [           main] o.apache.catalina.core.StandardEngine    : Starting Servlet engine: [Apache Tomcat/10.1.18]
2024-02-14T22:30:59.343-05:00  INFO 26711 --- [           main] o.a.c.c.C.[Tomcat].[localhost].[/]       : Initializing Spring embedded WebApplicationContext
2024-02-14T22:30:59.343-05:00  INFO 26711 --- [           main] w.s.c.ServletWebServerApplicationContext : Root WebApplicationContext: initialization completed in 979 ms
Standard Commons Logging discovery in action with spring-jcl: please remove commons-logging.jar from classpath in order to avoid potential conflicts
2024-02-14T22:30:59.524-05:00  INFO 26711 --- [           main] o.hibernate.jpa.internal.util.LogHelper  : HHH000204: Processing PersistenceUnitInfo [name: default]
2024-02-14T22:30:59.551-05:00  INFO 26711 --- [           main] org.hibernate.Version                    : HHH000412: Hibernate ORM core version 6.4.1.Final
2024-02-14T22:30:59.566-05:00  INFO 26711 --- [           main] o.h.c.internal.RegionFactoryInitiator    : HHH000026: Second-level cache disabled
2024-02-14T22:30:59.673-05:00  INFO 26711 --- [           main] o.s.o.j.p.SpringPersistenceUnitInfo      : No LoadTimeWeaver setup: ignoring JPA class transformer
2024-02-14T22:30:59.686-05:00  INFO 26711 --- [           main] com.zaxxer.hikari.HikariDataSource       : HikariPool-1 - Starting...
2024-02-14T22:30:59.977-05:00  INFO 26711 --- [           main] com.zaxxer.hikari.pool.HikariPool        : HikariPool-1 - Added connection com.mysql.cj.jdbc.ConnectionImpl@61aa6300
2024-02-14T22:30:59.978-05:00  INFO 26711 --- [           main] com.zaxxer.hikari.HikariDataSource       : HikariPool-1 - Start completed.
2024-02-14T22:31:00.447-05:00  INFO 26711 --- [           main] o.h.e.t.j.p.i.JtaPlatformInitiator       : HHH000489: No JTA platform available (set 'hibernate.transaction.jta.platform' to enable JTA platform integration)
2024-02-14T22:31:00.573-05:00  INFO 26711 --- [           main] j.LocalContainerEntityManagerFactoryBean : Initialized JPA EntityManagerFactory for persistence unit 'default'
2024-02-14T22:31:00.797-05:00  WARN 26711 --- [           main] JpaBaseConfiguration$JpaWebConfiguration : spring.jpa.open-in-view is enabled by default. Therefore, database queries may be performed during view rendering. Explicitly configure spring.jpa.open-in-view to disable this warning
2024-02-14T22:31:01.024-05:00  INFO 26711 --- [           main] o.s.b.a.e.web.EndpointLinksResolver      : Exposing 1 endpoint(s) beneath base path '/actuator'
2024-02-14T22:31:01.061-05:00  INFO 26711 --- [           main] o.s.s.web.DefaultSecurityFilterChain     : Will secure any request with [org.springframework.security.web.session.DisableEncodeUrlFilter@4ec1192f, org.springframework.security.web.context.request.async.WebAsyncManagerIntegrationFilter@b926efa, org.springframework.security.web.context.SecurityContextHolderFilter@640c2749, org.springframework.security.web.header.HeaderWriterFilter@6affbed1, org.springframework.web.filter.CorsFilter@3653bb61, org.springframework.security.web.authentication.logout.LogoutFilter@502a9b30, org.springframework.security.web.authentication.www.BasicAuthenticationFilter@1703e50d, org.springframework.security.web.savedrequest.RequestCacheAwareFilter@5bb00dcc, org.springframework.security.web.servletapi.SecurityContextHolderAwareRequestFilter@59acb725, org.springframework.security.web.authentication.AnonymousAuthenticationFilter@65595be7, org.springframework.security.web.access.ExceptionTranslationFilter@16fa28eb, org.springframework.security.web.access.intercept.AuthorizationFilter@2976d625]
2024-02-14T22:31:01.315-05:00  INFO 26711 --- [           main] o.s.b.w.embedded.tomcat.TomcatWebServer  : Tomcat started on port 62059 (http) with context path ''
2024-02-14T22:31:01.328-05:00  INFO 26711 --- [           main] com.csye6225.cloud.controller.DemoTest   : Started DemoTest in 3.197 seconds (process running for 3.711)
2024-02-14T22:31:02.194-05:00  INFO 26711 --- [o-auto-1-exec-1] o.a.c.c.C.[Tomcat].[localhost].[/]       : Initializing Spring DispatcherServlet 'dispatcherServlet'
2024-02-14T22:31:02.194-05:00  INFO 26711 --- [o-auto-1-exec-1] o.s.web.servlet.DispatcherServlet        : Initializing Servlet 'dispatcherServlet'
2024-02-14T22:31:02.195-05:00  INFO 26711 --- [o-auto-1-exec-1] o.s.web.servlet.DispatcherServlet        : Completed initialization in 1 ms
]]></system-out>
    <system-err><![CDATA[WARNING: A Java agent has been loaded dynamically (/Users/nikhilregulapati/.m2/repository/net/bytebuddy/byte-buddy-agent/1.14.11/byte-buddy-agent-1.14.11.jar)
WARNING: If a serviceability tool is in use, please run with -XX:+EnableDynamicAgentLoading to hide this warning
WARNING: If a serviceability tool is not in use, please run with -Djdk.instrument.traceUsage for more information
WARNING: Dynamic loading of agents will be disallowed by default in a future release
]]></system-err>
  </testcase>
</testsuite>